Using pre-set license

 COMMAND LINE ARGUMENTS:
/Applications/Unity/Hub/Editor/2020.3.10f1/Unity.app/Contents/MacOS/Unity
-adb2
-batchMode
-noUpm
-name
AssetImportWorker0
-projectPath
/Users/helloyeew/My Projects/Taiko
-logFile
Logs/AssetImportWorker0.log
-srvPort
62533
Successfully changed project path to: /Users/helloyeew/My Projects/Taiko
/Users/helloyeew/My Projects/Taiko
Using Asset Import Pipeline V2.
Refreshing native plugins compatible for Editor in 84.12 ms, found 3 plugins.
Preloading 0 native plugins for Editor in 0.00 ms.
Initialize engine version: 2020.3.10f1 (297d780c91bc)
[Subsystems] Discovering subsystems at path /Applications/Unity/Hub/Editor/2020.3.10f1/Unity.app/Contents/Resources/UnitySubsystems
[Subsystems] Discovering subsystems at path /Users/helloyeew/My Projects/Taiko/Assets
GfxDevice: creating device client; threaded=0
2021-06-03 16:23:52.408 Unity[48539:14513037] Color LCD preferred device: Intel(R) Iris(TM) Plus Graphics (low power)
2021-06-03 16:23:52.408 Unity[48539:14513037] Metal devices available: 1
2021-06-03 16:23:52.408 Unity[48539:14513037] 0: Intel(R) Iris(TM) Plus Graphics (low power)
2021-06-03 16:23:52.409 Unity[48539:14513037] Using device Intel(R) Iris(TM) Plus Graphics (low power)
Initializing Metal device caps: Intel(R) Iris(TM) Plus Graphics
Initialize mono
Mono path[0] = '/Applications/Unity/Hub/Editor/2020.3.10f1/Unity.app/Contents/Managed'
Mono path[1] = '/Applications/Unity/Hub/Editor/2020.3.10f1/Unity.app/Contents/MonoBleedingEdge/lib/mono/unityjit'
Mono config path = '/Applications/Unity/Hub/Editor/2020.3.10f1/Unity.app/Contents/MonoBleedingEdge/etc'
Using monoOptions --debugger-agent=transport=dt_socket,embedding=1,server=y,suspend=n,address=127.0.0.1:56539
Begin MonoManager ReloadAssembly
Registering precompiled unity dll's ...
Register platform support module: /Applications/Unity/Hub/Editor/2020.3.10f1/PlaybackEngines/WebGLSupport/UnityEditor.WebGL.Extensions.dll
Register platform support module: /Applications/Unity/Hub/Editor/2020.3.10f1/Unity.app/Contents/PlaybackEngines/MacStandaloneSupport/UnityEditor.OSXStandalone.Extensions.dll
Register platform support module: /Applications/Unity/Hub/Editor/2020.3.10f1/PlaybackEngines/WindowsStandaloneSupport/UnityEditor.WindowsStandalone.Extensions.dll
Register platform support module: /Applications/Unity/Hub/Editor/2020.3.10f1/PlaybackEngines/LinuxStandaloneSupport/UnityEditor.LinuxStandalone.Extensions.dll
Register platform support module: /Applications/Unity/Hub/Editor/2020.3.10f1/PlaybackEngines/LuminSupport/UnityEditor.Lumin.Extensions.dll
Registered in 0.002267 seconds.
Native extension for Lumin target not found
Native extension for LinuxStandalone target not found
Native extension for WindowsStandalone target not found
Native extension for OSXStandalone target not found
Native extension for WebGL target not found
Refreshing native plugins compatible for Editor in 58.86 ms, found 3 plugins.
Preloading 0 native plugins for Editor in 0.00 ms.
Mono: successfully reloaded assembly
- Completed reload, in  7.724 seconds
Platform modules already initialized, skipping
Registering precompiled user dll's ...
Registered in 0.003134 seconds.
Begin MonoManager ReloadAssembly
Native extension for Lumin target not found
Native extension for LinuxStandalone target not found
Native extension for WindowsStandalone target not found
Native extension for OSXStandalone target not found
Native extension for WebGL target not found
Refreshing native plugins compatible for Editor in 54.36 ms, found 3 plugins.
Preloading 0 native plugins for Editor in 0.00 ms.
Mono: successfully reloaded assembly
- Completed reload, in  1.856 seconds
Platform modules already initialized, skipping
========================================================================
Worker process is ready to serve import requests
Launching external process: /Applications/Unity/Hub/Editor/2020.3.10f1/Unity.app/Contents/Tools/UnityShaderCompiler
Launched and connected shader compiler UnityShaderCompiler after 0.02 seconds
Refreshing native plugins compatible for Editor in 0.58 ms, found 3 plugins.
Preloading 0 native plugins for Editor in 0.00 ms.
Unloading 2079 Unused Serialized files (Serialized files now loaded: 0)
System memory in use before: 185.8 MB.
System memory in use after: 185.8 MB.

Unloading 33 unused Assets to reduce memory usage. Loaded Objects now: 2512.
Total: 4.143404 ms (FindLiveObjects: 0.400810 ms CreateObjectMapping: 0.140827 ms MarkObjects: 3.181944 ms  DeleteObjects: 0.418045 ms)

========================================================================
Received Import Request.
  path: Assets/Scenes/SampleScene.unity
  artifactKey: Guid(2cda990e2423bbf4892e6590ba056729) Importer(815301076,1909f56bfc062723c751e8b465ee728b)
Start importing Assets/Scenes/SampleScene.unity using Guid(2cda990e2423bbf4892e6590ba056729) Importer(815301076,1909f56bfc062723c751e8b465ee728b)  -> (artifact id: 'aa27944bdea339c97c39027c7eea529c') in 0.017528 seconds
  Import took 0.024021 seconds .

========================================================================
Received Import Request.
  Time since last request: 0.000399 seconds.
  path: Assets/Scenes
  artifactKey: Guid(1370b3cdda89e4617a17d828576cbb4b) Importer(815301076,1909f56bfc062723c751e8b465ee728b)
Start importing Assets/Scenes using Guid(1370b3cdda89e4617a17d828576cbb4b) Importer(815301076,1909f56bfc062723c751e8b465ee728b)  -> (artifact id: 'f9eff087b1467dd07904703083f5c1f6') in 0.001355 seconds
  Import took 0.006587 seconds .

========================================================================
Received Import Request.
  Time since last request: 1251.380323 seconds.
  path: Assets/Assets
  artifactKey: Guid(ab1b49c1e319943ef983a879791dd34a) Importer(815301076,1909f56bfc062723c751e8b465ee728b)
Start importing Assets/Assets using Guid(ab1b49c1e319943ef983a879791dd34a) Importer(815301076,1909f56bfc062723c751e8b465ee728b)  -> (artifact id: '7bacdcaf7d5fdca922d70ffe0922b8ae') in 0.020848 seconds
  Import took 0.234101 seconds .

========================================================================
Received Import Request.
  Time since last request: 9.047738 seconds.
  path: Assets/Assets/Sprite
  artifactKey: Guid(ea23d6ca32c0b4512a3fbbebbdaa84d3) Importer(815301076,1909f56bfc062723c751e8b465ee728b)
Start importing Assets/Assets/Sprite using Guid(ea23d6ca32c0b4512a3fbbebbdaa84d3) Importer(815301076,1909f56bfc062723c751e8b465ee728b)  -> (artifact id: '55a8164ae263385fa8b2b3a4fbfdca0b') in 0.004542 seconds
  Import took 0.012274 seconds .

========================================================================
Received Import Request.
  Time since last request: 670.234212 seconds.
  path: Assets/Assets/Sprite/Don.png
  artifactKey: Guid(563cd8f04010e43edbc7ec6e0de1da94) Importer(815301076,1909f56bfc062723c751e8b465ee728b)
Start importing Assets/Assets/Sprite/Don.png using Guid(563cd8f04010e43edbc7ec6e0de1da94) Importer(815301076,1909f56bfc062723c751e8b465ee728b)  -> (artifact id: 'cb3ffbae70a6c464c4f58a1d1650bd88') in 2.708674 seconds
  Import took 2.763972 seconds .

========================================================================
Received Import Request.
  Time since last request: 18.050497 seconds.
  path: Assets/Assets/Sprite/Don.png
  artifactKey: Guid(563cd8f04010e43edbc7ec6e0de1da94) Importer(815301076,1909f56bfc062723c751e8b465ee728b)
Start importing Assets/Assets/Sprite/Don.png using Guid(563cd8f04010e43edbc7ec6e0de1da94) Importer(815301076,1909f56bfc062723c751e8b465ee728b)  -> (artifact id: 'c56c6e3e721eb238a9c5fc03095ab21d') in 0.021297 seconds
  Import took 0.029581 seconds .

========================================================================
Received Import Request.
  Time since last request: 247.512090 seconds.
  path: Assets/Assets/Sprite/Don.png
  artifactKey: Guid(563cd8f04010e43edbc7ec6e0de1da94) Importer(815301076,1909f56bfc062723c751e8b465ee728b)
Start importing Assets/Assets/Sprite/Don.png using Guid(563cd8f04010e43edbc7ec6e0de1da94) Importer(815301076,1909f56bfc062723c751e8b465ee728b)  -> (artifact id: 'eade2e63677105e78823f5540f5e7a8f') in 0.315917 seconds
  Import took 0.369185 seconds .

========================================================================
Received Import Request.
  Time since last request: 79.971502 seconds.
  path: Assets/Assets/Prefabs
  artifactKey: Guid(4a8c0c654462d4927ba55812f73c51ab) Importer(815301076,1909f56bfc062723c751e8b465ee728b)
Start importing Assets/Assets/Prefabs using Guid(4a8c0c654462d4927ba55812f73c51ab) Importer(815301076,1909f56bfc062723c751e8b465ee728b)  -> (artifact id: 'be64161804f971576d3cbdf1be599564') in 0.005925 seconds
  Import took 0.013715 seconds .

